<?xml version="1.0" encoding="UTF-8"?>
<coverage generated="1660685924169" clover="3.2.0">
  <project timestamp="1660685924169" name="All files">
    <metrics statements="54" coveredstatements="27" conditionals="0" coveredconditionals="0" methods="17" coveredmethods="4" elements="71" coveredelements="31" complexity="0" loc="54" ncloc="54" packages="4" files="10" classes="10"/>
    <package name="src">
      <metrics statements="22" coveredstatements="10" conditionals="0" coveredconditionals="0" methods="6" coveredmethods="3"/>
      <file name="app.controller.ts" path="/home/adziarykha/work/blockchain-scalable/src/app.controller.ts">
        <metrics statements="8" coveredstatements="7" conditionals="0" coveredconditionals="0" methods="3" coveredmethods="2"/>
        <line num="1" count="1" type="stmt"/>
        <line num="2" count="1" type="stmt"/>
        <line num="5" count="1" type="stmt"/>
        <line num="6" count="1" type="stmt"/>
        <line num="9" count="1" type="stmt"/>
        <line num="10" count="1" type="stmt"/>
        <line num="14" count="1" type="stmt"/>
        <line num="15" count="0" type="stmt"/>
      </file>
      <file name="app.module.ts" path="/home/adziarykha/work/blockchain-scalable/src/app.module.ts">
        <metrics statements="5" coveredstatements="0" conditionals="0" coveredconditionals="0" methods="0" coveredmethods="0"/>
        <line num="1" count="0" type="stmt"/>
        <line num="2" count="0" type="stmt"/>
        <line num="3" count="0" type="stmt"/>
        <line num="4" count="0" type="stmt"/>
        <line num="11" count="0" type="stmt"/>
      </file>
      <file name="app.service.ts" path="/home/adziarykha/work/blockchain-scalable/src/app.service.ts">
        <metrics statements="4" coveredstatements="3" conditionals="0" coveredconditionals="0" methods="2" coveredmethods="1"/>
        <line num="1" count="1" type="stmt"/>
        <line num="4" count="1" type="stmt"/>
        <line num="6" count="1" type="stmt"/>
        <line num="9" count="0" type="stmt"/>
      </file>
      <file name="main.ts" path="/home/adziarykha/work/blockchain-scalable/src/main.ts">
        <metrics statements="5" coveredstatements="0" conditionals="0" coveredconditionals="0" methods="1" coveredmethods="0"/>
        <line num="1" count="0" type="stmt"/>
        <line num="2" count="0" type="stmt"/>
        <line num="5" count="0" type="stmt"/>
        <line num="6" count="0" type="stmt"/>
        <line num="8" count="0" type="stmt"/>
      </file>
    </package>
    <package name="src.chain">
      <metrics statements="27" coveredstatements="13" conditionals="0" coveredconditionals="0" methods="11" coveredmethods="1"/>
      <file name="chain.controller.ts" path="/home/adziarykha/work/blockchain-scalable/src/chain/chain.controller.ts">
        <metrics statements="16" coveredstatements="11" conditionals="0" coveredconditionals="0" methods="6" coveredmethods="1"/>
        <line num="1" count="1" type="stmt"/>
        <line num="2" count="1" type="stmt"/>
        <line num="3" count="1" type="stmt"/>
        <line num="4" count="1" type="stmt"/>
        <line num="7" count="1" type="stmt"/>
        <line num="8" count="1" type="stmt"/>
        <line num="11" count="1" type="stmt"/>
        <line num="12" count="0" type="stmt"/>
        <line num="16" count="1" type="stmt"/>
        <line num="17" count="0" type="stmt"/>
        <line num="21" count="1" type="stmt"/>
        <line num="22" count="0" type="stmt"/>
        <line num="26" count="1" type="stmt"/>
        <line num="27" count="0" type="stmt"/>
        <line num="31" count="1" type="stmt"/>
        <line num="32" count="0" type="stmt"/>
      </file>
      <file name="chain.module.ts" path="/home/adziarykha/work/blockchain-scalable/src/chain/chain.module.ts">
        <metrics statements="4" coveredstatements="0" conditionals="0" coveredconditionals="0" methods="0" coveredmethods="0"/>
        <line num="1" count="0" type="stmt"/>
        <line num="2" count="0" type="stmt"/>
        <line num="3" count="0" type="stmt"/>
        <line num="9" count="0" type="stmt"/>
      </file>
      <file name="chain.service.ts" path="/home/adziarykha/work/blockchain-scalable/src/chain/chain.service.ts">
        <metrics statements="7" coveredstatements="2" conditionals="0" coveredconditionals="0" methods="5" coveredmethods="0"/>
        <line num="1" count="2" type="stmt"/>
        <line num="6" count="2" type="stmt"/>
        <line num="8" count="0" type="stmt"/>
        <line num="12" count="0" type="stmt"/>
        <line num="16" count="0" type="stmt"/>
        <line num="20" count="0" type="stmt"/>
        <line num="24" count="0" type="stmt"/>
      </file>
    </package>
    <package name="src.chain.dto">
      <metrics statements="4" coveredstatements="4" conditionals="0" coveredconditionals="0" methods="0" coveredmethods="0"/>
      <file name="create-chain.dto.ts" path="/home/adziarykha/work/blockchain-scalable/src/chain/dto/create-chain.dto.ts">
        <metrics statements="1" coveredstatements="1" conditionals="0" coveredconditionals="0" methods="0" coveredmethods="0"/>
        <line num="1" count="1" type="stmt"/>
      </file>
      <file name="update-chain.dto.ts" path="/home/adziarykha/work/blockchain-scalable/src/chain/dto/update-chain.dto.ts">
        <metrics statements="3" coveredstatements="3" conditionals="0" coveredconditionals="0" methods="0" coveredmethods="0"/>
        <line num="1" count="1" type="stmt"/>
        <line num="2" count="1" type="stmt"/>
        <line num="4" count="1" type="stmt"/>
      </file>
    </package>
    <package name="src.chain.entities">
      <metrics statements="1" coveredstatements="0" conditionals="0" coveredconditionals="0" methods="0" coveredmethods="0"/>
      <file name="chain.entity.ts" path="/home/adziarykha/work/blockchain-scalable/src/chain/entities/chain.entity.ts">
        <metrics statements="1" coveredstatements="0" conditionals="0" coveredconditionals="0" methods="0" coveredmethods="0"/>
        <line num="1" count="0" type="stmt"/>
      </file>
    </package>
  </project>
</coverage>
